<?xml version="1.0" encoding="UTF-8"?>
<!-- Generated by org.testng.reporters.JUnitReportReporter -->
<testsuite skipped="0" hostname="DESKTOP-FP0Q4DR" name="com.practise.Test.LoginTest" tests="1" failures="0" timestamp="12 Apr 2020 17:04:57 GMT" time="88.660" errors="0">
  <testcase name="LoginTest" time="88.660" classname="com.practise.Test.LoginTest"/>
</testsuite> <!-- com.practise.Test.LoginTest -->
