<?xml version="1.0" encoding="UTF-8"?>
<!-- Generated by org.testng.reporters.JUnitReportReporter -->
<testsuite skipped="1" hostname="DESKTOP-FP0Q4DR" name="com.practise.Test.CreateAccountTest" tests="1" failures="0" timestamp="12 Apr 2020 17:04:57 GMT" time="0.000" errors="0">
  <testcase name="createAccount" time="0.000" classname="com.practise.Test.CreateAccountTest">
    <skipped/>
  </testcase> <!-- createAccount -->
</testsuite> <!-- com.practise.Test.CreateAccountTest -->
